{
  "RSpec": {
    "coverage": {
      "/home/digitalwestie/repos/popolo-engine/spec/dummy/config/environment.rb": [
        null,
        1,
        null,
        null,
        1
      ],
      "/home/digitalwestie/repos/popolo-engine/spec/dummy/config/application.rb": [
        1,
        null,
        1,
        1,
        1,
        1,
        null,
        1,
        1,
        null,
        1,
        1,
        null,
        null,
        null,
        null,
        null,
        null,
        null,
        null,
        null,
        null,
        null,
        null,
        null,
        null,
        null,
        null,
        null,
        null,
        null,
        null,
        null,
        null,
        null,
        1,
        null,
        null,
        1,
        null,
        null,
        1,
        null,
        null,
        null,
        null,
        null,
        null,
        null,
        null,
        null,
        null,
        null,
        null,
        null,
        1,
        null,
        null,
        1,
        null,
        null,
        null
      ],
      "/home/digitalwestie/repos/popolo-engine/spec/dummy/config/boot.rb": [
        1,
        1,
        null,
        1,
        1,
        1,
        1,
        null,
        null,
        1
      ],
      "/home/digitalwestie/repos/popolo-engine/lib/popolo.rb": [
        1,
        null,
        1,
        1,
        1,
        1,
        null,
        1,
        null,
        null,
        null,
        null,
        null,
        1,
        1,
        null,
        null,
        null,
        null,
        1,
        1,
        null,
        null,
        null,
        null,
        1,
        1,
        null
      ],
      "/home/digitalwestie/repos/popolo-engine/lib/popolo/engine.rb": [
        1,
        null,
        1,
        1,
        1,
        null,
        null
      ],
      "/home/digitalwestie/repos/popolo-engine/spec/dummy/config/environments/test.rb": [
        1,
        null,
        null,
        null,
        null,
        null,
        null,
        1,
        null,
        null,
        1,
        1,
        null,
        null,
        1,
        null,
        null,
        1,
        1,
        null,
        null,
        1,
        null,
        null,
        1,
        null,
        null,
        null,
        null,
        1,
        null,
        null,
        null,
        null,
        null,
        1,
        null
      ],
      "/home/digitalwestie/repos/popolo-engine/spec/dummy/config/initializers/secret_token.rb": [
        null,
        null,
        null,
        null,
        null,
        null,
        1
      ],
      "/home/digitalwestie/repos/popolo-engine/spec/dummy/config/initializers/session_store.rb": [
        null,
        null,
        1,
        null,
        null,
        null,
        null,
        null
      ],
      "/home/digitalwestie/repos/popolo-engine/spec/dummy/config/initializers/wrap_parameters.rb": [
        null,
        null,
        null,
        null,
        null,
        null,
        1,
        1,
        null,
        null,
        null,
        1,
        0,
        null
      ],
      "/home/digitalwestie/repos/popolo-engine/app/controllers/popolo/memberships_controller.rb": [
        1,
        1,
        1,
        1,
        1,
        null,
        null
      ],
      "/home/digitalwestie/repos/popolo-engine/app/controllers/popolo_controller.rb": [
        1,
        1,
        null
      ],
      "/home/digitalwestie/repos/popolo-engine/spec/dummy/app/controllers/application_controller.rb": [
        1,
        1,
        null
      ],
      "/home/digitalwestie/repos/popolo-engine/spec/dummy/app/helpers/application_helper.rb": [
        1,
        null
      ],
      "/home/digitalwestie/repos/popolo-engine/app/helpers/popolo_helper.rb": [
        1,
        null
      ],
      "/home/digitalwestie/repos/popolo-engine/app/models/popolo/membership.rb": [
        1,
        null,
        1,
        1,
        1,
        null,
        1,
        null,
        null,
        1,
        null,
        1,
        null,
        1,
        null,
        1,
        null,
        1,
        null,
        1,
        null,
        1,
        null,
        null,
        1,
        null,
        1,
        null,
        1,
        null,
        1,
        null,
        1,
        1,
        1,
        null,
        1,
        null,
        null,
        0,
        null,
        0,
        null,
        0,
        0,
        null,
        null,
        null
      ],
      "/home/digitalwestie/repos/popolo-engine/app/models/popolo/date_string.rb": [
        1,
        null,
        null,
        1,
        1,
        1,
        null,
        null,
        1,
        1,
        25,
        null,
        null,
        1,
        7,
        null,
        null,
        1,
        0,
        null,
        null,
        null,
        null
      ],
      "/home/digitalwestie/repos/popolo-engine/app/controllers/popolo/organizations_controller.rb": [
        1,
        1,
        1,
        1,
        1,
        null,
        1,
        1,
        1,
        null,
        null,
        null
      ],
      "/home/digitalwestie/repos/popolo-engine/app/models/popolo/organization.rb": [
        1,
        null,
        null,
        1,
        1,
        1,
        1,
        null,
        1,
        null,
        null,
        1,
        null,
        1,
        null,
        1,
        null,
        1,
        null,
        1,
        null,
        1,
        null,
        1,
        null,
        null,
        1,
        null,
        1,
        null,
        1,
        null,
        1,
        null,
        1,
        null,
        1,
        1,
        null,
        null,
        1,
        0,
        null,
        null,
        null
      ],
      "/home/digitalwestie/repos/popolo-engine/app/controllers/popolo/people_controller.rb": [
        1,
        1,
        1,
        1,
        1,
        null,
        null
      ],
      "/home/digitalwestie/repos/popolo-engine/app/models/popolo/person.rb": [
        1,
        null,
        1,
        1,
        1,
        null,
        1,
        null,
        null,
        1,
        null,
        1,
        null,
        1,
        null,
        1,
        null,
        1,
        null,
        1,
        null,
        null,
        1,
        null,
        1,
        null,
        1,
        null,
        1,
        null,
        1,
        null,
        1,
        null,
        1,
        null,
        1,
        null,
        1,
        null,
        1,
        null,
        1,
        null,
        1,
        null,
        1,
        null,
        1,
        null,
        1,
        null,
        1,
        null,
        1,
        1,
        null,
        null,
        1,
        0,
        null,
        null,
        null
      ],
      "/home/digitalwestie/repos/popolo-engine/app/controllers/popolo/posts_controller.rb": [
        1,
        1,
        1,
        1,
        1,
        null,
        null
      ],
      "/home/digitalwestie/repos/popolo-engine/app/models/popolo/post.rb": [
        1,
        null,
        1,
        1,
        1,
        null,
        1,
        null,
        null,
        1,
        null,
        1,
        null,
        1,
        null,
        1,
        null,
        1,
        null,
        null,
        1,
        null,
        1,
        null,
        1,
        null,
        1,
        null,
        1,
        1,
        1,
        null,
        1,
        0,
        null,
        null,
        null
      ],
      "/home/digitalwestie/repos/popolo-engine/app/models/popolo/contact_detail.rb": [
        1,
        null,
        1,
        1,
        1,
        null,
        1,
        null,
        1,
        null,
        null,
        1,
        null,
        1,
        null,
        1,
        null,
        1,
        null,
        1,
        null,
        null
      ],
      "/home/digitalwestie/repos/popolo-engine/app/models/popolo/date_time_string.rb": [
        1,
        null,
        null,
        1,
        1,
        0,
        null,
        null,
        1,
        1,
        0,
        null,
        null,
        1,
        0,
        null,
        null,
        1,
        0,
        null,
        null,
        null,
        null
      ],
      "/home/digitalwestie/repos/popolo-engine/app/models/popolo/identifier.rb": [
        1,
        null,
        1,
        1,
        null,
        1,
        null,
        null,
        1,
        null,
        1,
        null,
        1,
        null,
        null
      ],
      "/home/digitalwestie/repos/popolo-engine/app/models/popolo/link.rb": [
        1,
        null,
        1,
        1,
        null,
        1,
        null,
        null,
        1,
        null,
        1,
        null,
        1,
        null,
        null,
        1,
        0,
        null,
        null,
        null
      ],
      "/home/digitalwestie/repos/popolo-engine/app/models/popolo/motion.rb": [
        1,
        null,
        null,
        1,
        1,
        1,
        1,
        null,
        1,
        null,
        null,
        1,
        null,
        null,
        null,
        null,
        null,
        1,
        null,
        1,
        null,
        1,
        null,
        1,
        null,
        1,
        null,
        1,
        null,
        1,
        null,
        1,
        null,
        1,
        null,
        1,
        0,
        null,
        null,
        null
      ],
      "/home/digitalwestie/repos/popolo-engine/app/models/popolo/other_name.rb": [
        1,
        null,
        1,
        1,
        null,
        1,
        null,
        null,
        1,
        null,
        1,
        null,
        1,
        null,
        1,
        null,
        1,
        1,
        1,
        null,
        null
      ],
      "/home/digitalwestie/repos/popolo-engine/app/models/popolo/vote.rb": [
        1,
        null,
        null,
        1,
        1,
        1,
        1,
        null,
        1,
        null,
        null,
        1,
        null,
        1,
        null,
        1,
        null,
        1,
        null,
        1,
        null,
        1,
        null,
        1,
        null,
        1,
        0,
        null,
        null,
        null
      ],
      "/home/digitalwestie/repos/popolo-engine/app/models/popolo/vote_event.rb": [
        1,
        null,
        null,
        1,
        1,
        1,
        1,
        null,
        1,
        null,
        null,
        1,
        null,
        1,
        null,
        1,
        null,
        1,
        null,
        1,
        null,
        1,
        null,
        1,
        null,
        null,
        null,
        null,
        null,
        null,
        null,
        null,
        null,
        null,
        null,
        null,
        1,
        0,
        null,
        null,
        null
      ],
      "/home/digitalwestie/repos/popolo-engine/spec/dummy/app/models/cat.rb": [
        1,
        1,
        null
      ],
      "/home/digitalwestie/repos/popolo-engine/spec/dummy/app/models/dog.rb": [
        1,
        1,
        null
      ],
      "/home/digitalwestie/repos/popolo-engine/spec/dummy/config/routes.rb": [
        1,
        1,
        null
      ],
      "/home/digitalwestie/repos/popolo-engine/config/routes.rb": [
        1,
        1,
        1,
        1,
        1,
        null,
        null,
        null,
        1,
        null
      ],
      "/home/digitalwestie/repos/popolo-engine/spec/factories.rb": [
        null,
        1,
        null,
        8,
        null,
        1,
        1,
        1,
        1,
        null,
        null,
        1,
        1,
        null,
        null,
        1,
        1,
        null,
        null,
        1,
        1,
        1,
        null,
        null
      ],
      "/home/digitalwestie/repos/popolo-engine/spec/controllers/popolo/organizations_controller_spec.rb": [
        1,
        null,
        1,
        1,
        2,
        2,
        null,
        null,
        1,
        1,
        1,
        1,
        1,
        null,
        null,
        null,
        1,
        1,
        1,
        1,
        1,
        null,
        null,
        null
      ],
      "/home/digitalwestie/repos/popolo-engine/spec/controllers/popolo/people_controller_spec.rb": [
        1,
        null,
        1,
        1,
        1,
        1,
        null,
        null,
        1,
        1,
        1,
        1,
        1,
        null,
        null,
        null
      ],
      "/home/digitalwestie/repos/popolo-engine/spec/controllers/popolo/posts_controller_spec.rb": [
        1,
        null,
        1,
        1,
        1,
        1,
        null,
        null,
        1,
        1,
        1,
        1,
        1,
        null,
        null,
        null
      ],
      "/home/digitalwestie/repos/popolo-engine/spec/controllers/popolo_controller_spec.rb": [
        1,
        null,
        1,
        null
      ],
      "/home/digitalwestie/repos/popolo-engine/spec/helpers/popolo_helper_spec.rb": [
        1,
        null,
        1,
        null
      ],
      "/home/digitalwestie/repos/popolo-engine/spec/models/popolo/contact_detail_spec.rb": [
        1,
        null,
        1,
        1,
        4,
        null,
        null
      ],
      "/home/digitalwestie/repos/popolo-engine/spec/models/popolo/date_string_spec.rb": [
        1,
        null,
        1,
        1,
        3,
        null,
        null,
        1,
        3,
        null,
        null,
        1,
        8,
        null,
        null,
        1,
        1,
        1,
        null,
        null,
        null,
        1,
        1,
        1,
        null,
        null,
        null,
        1,
        1,
        1,
        null,
        null,
        1,
        1,
        null,
        null,
        1,
        1,
        null,
        null,
        null,
        1,
        1,
        1,
        null,
        null,
        1,
        1,
        null,
        null,
        1,
        1,
        null,
        null,
        null
      ],
      "/home/digitalwestie/repos/popolo-engine/spec/models/popolo/identifier_spec.rb": [
        1,
        null,
        1,
        2,
        null
      ],
      "/home/digitalwestie/repos/popolo-engine/spec/models/popolo/link_spec.rb": [
        1,
        null,
        1,
        2,
        null
      ],
      "/home/digitalwestie/repos/popolo-engine/spec/models/popolo/membership_spec.rb": [
        1,
        null,
        1,
        1,
        4,
        null,
        null,
        1,
        2,
        null,
        null,
        null,
        null,
        null,
        null,
        null,
        null,
        null,
        null,
        null,
        null,
        null,
        null,
        2,
        null,
        null,
        null
      ],
      "/home/digitalwestie/repos/popolo-engine/spec/models/popolo/organization_spec.rb": [
        1,
        null,
        1,
        null,
        1,
        1,
        1,
        1,
        1,
        null,
        null,
        1,
        2,
        null,
        null,
        null,
        null,
        null,
        null,
        null,
        null,
        null,
        null,
        null,
        null,
        null,
        null,
        2,
        null,
        null,
        null
      ],
      "/home/digitalwestie/repos/popolo-engine/spec/models/popolo/other_name_spec.rb": [
        1,
        null,
        1,
        2,
        null,
        1,
        2,
        null,
        null,
        null,
        null,
        null,
        null,
        null,
        null,
        null,
        null,
        null,
        null,
        null,
        null,
        2,
        null,
        null,
        null
      ],
      "/home/digitalwestie/repos/popolo-engine/spec/models/popolo/person_spec.rb": [
        1,
        null,
        1,
        1,
        2,
        null,
        null,
        null,
        null,
        null,
        null,
        null,
        null,
        null,
        null,
        null,
        null,
        null,
        null,
        2,
        null,
        null,
        null
      ],
      "/home/digitalwestie/repos/popolo-engine/spec/models/popolo/post_spec.rb": [
        1,
        null,
        1,
        2,
        null
      ],
      "/home/digitalwestie/repos/popolo-engine/spec/popolo_spec.rb": [
        1,
        null,
        1,
        1,
        1,
        1,
        1,
        null,
        null,
        null,
        1,
        1,
        1,
        null,
        null,
        1,
        1,
        null,
        null,
        null,
        null,
        null,
        null,
        null,
        null,
        1,
        1,
        null,
        null,
        null,
        null,
        1,
        1,
        1,
        1,
        null,
        null,
        null,
        1,
        1,
        1,
        null,
        null,
        null,
        null,
        null,
        null,
        null,
        1,
        null,
        null,
        null,
        null,
        null,
        1,
        null,
        null,
        null,
        null,
        null,
        null,
        null,
        null,
        1,
        1,
        null,
        null,
        null,
        null
      ],
      "/home/digitalwestie/repos/popolo-engine/spec/routing/popolo/memberships_routing_spec.rb": [
        1,
        null,
        1,
        1,
        1,
        1,
        null,
        null,
        1,
        1,
        null,
        null,
        null
      ],
      "/home/digitalwestie/repos/popolo-engine/spec/routing/popolo/organizations_routing_spec.rb": [
        1,
        null,
        1,
        1,
        1,
        2,
        null,
        null,
        1,
        1,
        null,
        null,
        1,
        1,
        null,
        null,
        null
      ],
      "/home/digitalwestie/repos/popolo-engine/spec/routing/popolo/people_routing_spec.rb": [
        1,
        null,
        1,
        1,
        1,
        1,
        null,
        null,
        1,
        1,
        null,
        null,
        null
      ],
      "/home/digitalwestie/repos/popolo-engine/spec/routing/popolo/posts_routing_spec.rb": [
        1,
        null,
        1,
        1,
        1,
        1,
        null,
        null,
        1,
        1,
        null,
        null,
        null
      ]
    },
    "timestamp": 1409671682
  }
}
